Flow report for plottermachine
Thu Nov 28 00:54:12 2019
Quartus Prime Version 16.0.0 Build 211 04/27/2016 SJ Lite Edition


---------------------
; Table of Contents ;
---------------------
  1. Legal Notice
  2. Flow Summary
  3. Flow Settings
  4. Flow Non-Default Global Settings
  5. Flow Elapsed Time
  6. Flow OS Summary
  7. Flow Log
  8. Flow Messages
  9. Flow Suppressed Messages



----------------
; Legal Notice ;
----------------
Copyright (C) 1991-2016 Altera Corporation. All rights reserved.
Your use of Altera Corporation's design tools, logic functions 
and other software and tools, and its AMPP partner logic 
functions, and any output files from any of the foregoing 
(including device programming or simulation files), and any 
associated documentation or information are expressly subject 
to the terms and conditions of the Altera Program License 
Subscription Agreement, the Altera Quartus Prime License Agreement,
the Altera MegaCore Function License Agreement, or other 
applicable license agreement, including, without limitation, 
that your use is for the sole purpose of programming logic 
devices manufactured by Altera and sold by Altera or its 
authorized distributors.  Please refer to the applicable 
agreement for further details.



+----------------------------------------------------------------------------------+
; Flow Summary                                                                     ;
+------------------------------------+---------------------------------------------+
; Flow Status                        ; Successful - Thu Nov 28 00:54:09 2019       ;
; Quartus Prime Version              ; 16.0.0 Build 211 04/27/2016 SJ Lite Edition ;
; Revision Name                      ; plottermachine                              ;
; Top-level Entity Name              ; uart_wrapper                                ;
; Family                             ; Cyclone IV E                                ;
; Device                             ; EP4CE115F29C7                               ;
; Timing Models                      ; Final                                       ;
; Total logic elements               ; 121 / 114,480 ( < 1 % )                     ;
;     Total combinational functions  ; 117 / 114,480 ( < 1 % )                     ;
;     Dedicated logic registers      ; 65 / 114,480 ( < 1 % )                      ;
; Total registers                    ; 65                                          ;
; Total pins                         ; 27 / 529 ( 5 % )                            ;
; Total virtual pins                 ; 0                                           ;
; Total memory bits                  ; 32,768 / 3,981,312 ( < 1 % )                ;
; Embedded Multiplier 9-bit elements ; 0 / 532 ( 0 % )                             ;
; Total PLLs                         ; 0 / 4 ( 0 % )                               ;
+------------------------------------+---------------------------------------------+


+-----------------------------------------+
; Flow Settings                           ;
+-------------------+---------------------+
; Option            ; Setting             ;
+-------------------+---------------------+
; Start date & time ; 11/28/2019 00:53:35 ;
; Main task         ; Compilation         ;
; Revision Name     ; plottermachine      ;
+-------------------+---------------------+


+--------------------------------------------------------------------------------------------------------------------------+
; Flow Non-Default Global Settings                                                                                         ;
+-------------------------------------+---------------------------------------+----------------+--------------+------------+
; Assignment Name                     ; Value                                 ; Default Value  ; Entity Name  ; Section Id ;
+-------------------------------------+---------------------------------------+----------------+--------------+------------+
; COMPILER_SIGNATURE_ID               ; 172308989450280.157492041509468       ; --             ; --           ; --         ;
; MAX_CORE_JUNCTION_TEMP              ; 85                                    ; --             ; --           ; --         ;
; MIN_CORE_JUNCTION_TEMP              ; 0                                     ; --             ; --           ; --         ;
; PARTITION_COLOR                     ; 16764057                              ; --             ; uart_wrapper ; Top        ;
; PARTITION_FITTER_PRESERVATION_LEVEL ; PLACEMENT_AND_ROUTING                 ; --             ; uart_wrapper ; Top        ;
; PARTITION_NETLIST_TYPE              ; SOURCE                                ; --             ; uart_wrapper ; Top        ;
; POWER_BOARD_THERMAL_MODEL           ; None (CONSERVATIVE)                   ; --             ; --           ; --         ;
; POWER_PRESET_COOLING_SOLUTION       ; 23 MM HEAT SINK WITH 200 LFPM AIRFLOW ; --             ; --           ; --         ;
; PROJECT_OUTPUT_DIRECTORY            ; output_files                          ; --             ; --           ; --         ;
; TOP_LEVEL_ENTITY                    ; uart_wrapper                          ; plottermachine ; --           ; --         ;
+-------------------------------------+---------------------------------------+----------------+--------------+------------+


+-------------------------------------------------------------------------------------------------------------------------------+
; Flow Elapsed Time                                                                                                             ;
+---------------------------+--------------+-------------------------+---------------------+------------------------------------+
; Module Name               ; Elapsed Time ; Average Processors Used ; Peak Virtual Memory ; Total CPU Time (on all processors) ;
+---------------------------+--------------+-------------------------+---------------------+------------------------------------+
; Analysis & Synthesis      ; 00:00:11     ; 1.0                     ; 4998 MB             ; 00:00:25                           ;
; Fitter                    ; 00:00:18     ; 1.0                     ; 5968 MB             ; 00:00:27                           ;
; Assembler                 ; 00:00:03     ; 1.0                     ; 4900 MB             ; 00:00:03                           ;
; TimeQuest Timing Analyzer ; 00:00:02     ; 1.0                     ; 5084 MB             ; 00:00:02                           ;
; Total                     ; 00:00:34     ; --                      ; --                  ; 00:00:57                           ;
+---------------------------+--------------+-------------------------+---------------------+------------------------------------+


+----------------------------------------------------------------------------------------+
; Flow OS Summary                                                                        ;
+---------------------------+------------------+-----------+------------+----------------+
; Module Name               ; Machine Hostname ; OS Name   ; OS Version ; Processor type ;
+---------------------------+------------------+-----------+------------+----------------+
; Analysis & Synthesis      ; DESKTOP-NHK0FR7  ; Windows 8 ; 6.2        ; x86_64         ;
; Fitter                    ; DESKTOP-NHK0FR7  ; Windows 8 ; 6.2        ; x86_64         ;
; Assembler                 ; DESKTOP-NHK0FR7  ; Windows 8 ; 6.2        ; x86_64         ;
; TimeQuest Timing Analyzer ; DESKTOP-NHK0FR7  ; Windows 8 ; 6.2        ; x86_64         ;
+---------------------------+------------------+-----------+------------+----------------+


------------
; Flow Log ;
------------
quartus_map --read_settings_files=on --write_settings_files=off plottermachine -c plottermachine
quartus_fit --read_settings_files=off --write_settings_files=off plottermachine -c plottermachine
quartus_asm --read_settings_files=off --write_settings_files=off plottermachine -c plottermachine
quartus_sta plottermachine -c plottermachine



